0 info it worked if it ends with ok
1 verbose cli [ 'C:\\Program Files\\nodejs\\node.exe',
1 verbose cli   'C:\\Program Files\\nodejs\\node_modules\\npm\\bin\\npm-cli.js',
1 verbose cli   'start' ]
2 info using npm@3.10.8
3 info using node@v6.8.1
4 verbose run-script [ 'prestart', 'start', 'poststart' ]
5 info lifecycle server@0.0.1~prestart: server@0.0.1
6 silly lifecycle server@0.0.1~prestart: no script for prestart, continuing
7 info lifecycle server@0.0.1~start: server@0.0.1
8 verbose lifecycle server@0.0.1~start: unsafe-perm in lifecycle true
9 verbose lifecycle server@0.0.1~start: PATH: C:\Users\juliant\AppData\Roaming\nvm\v6.8.1\node_modules\npm\bin\node-gyp-bin;C:\Users\juliant\Documents\kleineSachen\bigBallsGameOnline\server\node_modules\.bin;C:\Users\juliant\Desktop\cmder_mini\bin;C:\Users\juliant\Desktop\cmder_mini\vendor\conemu-maximus5\ConEmu\Scripts;C:\Users\juliant\Desktop\cmder_mini\bin;C:\Users\juliant\Desktop\cmder_mini\vendor\conemu-maximus5\ConEmu\Scripts;C:\Users\juliant\Desktop\cmder_mini\vendor\conemu-maximus5;C:\Users\juliant\Desktop\cmder_mini\vendor\conemu-maximus5\ConEmu;C:\Program Files (x86)\Intel\iCLS Client\;C:\Program Files\Intel\iCLS Client\;C:\WINDOWS\system32;C:\WINDOWS;C:\WINDOWS\System32\Wbem;C:\WINDOWS\System32\WindowsPowerShell\v1.0\;C:\Program Files (x86)\Intel\Intel(R) Management Engine Components\DAL;C:\Program Files\Intel\Intel(R) Management Engine Components\DAL;C:\Program Files (x86)\Intel\Intel(R) Management Engine Components\IPT;C:\Program Files\Intel\Intel(R) Management Engine Components\IPT;C:\Program Files\Microsoft SQL Server\130\Tools\Binn\;C:\Program Files (x86)\GtkSharp\2.12\bin;C:\Program Files\Microsoft\Web Platform Installer\;C:\Users\juliant\AppData\Roaming\nvm;C:\Program Files\nodejs;C:\Program Files (x86)\Yarn\bin;C:\Program Files\Git\cmd;C:\Program Files\dotnet\;C:\Program Files (x86)\Windows Kits\8.1\Windows Performance Toolkit\;C:\Program Files (x86)\Microsoft Emulator Manager\1.0\;C:\Program Files\Microsoft SQL Server\120\Tools\Binn\;C:\Program Files\Microsoft SQL Server\Client SDK\ODBC\110\Tools\Binn\;C:\Program Files (x86)\Microsoft SQL Server\120\Tools\Binn\;C:\Program Files\Microsoft SQL Server\120\DTS\Binn\;C:\Program Files (x86)\Microsoft SQL Server\120\Tools\Binn\ManagementStudio\;C:\Program Files (x86)\Microsoft SQL Server\120\DTS\Binn\;C:\Program Files\Java\jdk1.8.0_111\bin;C:\Users\juliant\AppData\Local\Android\android-sdk\build-tools;C:\Users\juliant\AppData\Local\Android\android-sdk;C:\Users\juliant\AppData\Local\Android\android-sdk\platform-tools;C:\Program Files (x86)\Windows Kits\10\Windows Performance Toolkit\;C:\Users\juliant\AppData\Local\Microsoft\WindowsApps;C:\Users\juliant\AppData\Roaming\npm;C:\Users\juliant\AppData\Roaming\nvm;C:\Program Files\nodejs;C:\Users\juliant\AppData\Local\Yarn\.bin;C:\Users\juliant\AppData\Local\Android\sdk;C:\Users\juliant\AppData\Local\Android\sdk\platform-tools;C:\Users\juliant\AppData\Local\atom\bin;C:\Program Files (x86)\Microsoft VS Code\bin;C:\Program Files (x86)\Java\jdk1.8.0_111\bin;C:\Program Files\Git\usr\bin;C:\Program Files\Git\usr\share\vim\vim74;C:\Users\juliant\Desktop\cmder_mini\;C:\Program Files\Git\usr\bin;C:\Program Files\Git\usr\share\vim\vim74;C:\Users\juliant\Desktop\cmder_mini\
10 verbose lifecycle server@0.0.1~start: CWD: C:\Users\juliant\Documents\kleineSachen\bigBallsGameOnline\server
11 silly lifecycle server@0.0.1~start: Args: [ '/d /s /c', 'nodemon app.js' ]
12 silly lifecycle server@0.0.1~start: Returned: code: 3221225495  signal: null
13 info lifecycle server@0.0.1~start: Failed to exec start script
14 verbose stack Error: server@0.0.1 start: `nodemon app.js`
14 verbose stack Exit status 3221225495
14 verbose stack     at EventEmitter.<anonymous> (C:\Users\juliant\AppData\Roaming\nvm\v6.8.1\node_modules\npm\lib\utils\lifecycle.js:255:16)
14 verbose stack     at emitTwo (events.js:106:13)
14 verbose stack     at EventEmitter.emit (events.js:191:7)
14 verbose stack     at ChildProcess.<anonymous> (C:\Users\juliant\AppData\Roaming\nvm\v6.8.1\node_modules\npm\lib\utils\spawn.js:40:14)
14 verbose stack     at emitTwo (events.js:106:13)
14 verbose stack     at ChildProcess.emit (events.js:191:7)
14 verbose stack     at maybeClose (internal/child_process.js:877:16)
14 verbose stack     at Process.ChildProcess._handle.onexit (internal/child_process.js:226:5)
15 verbose pkgid server@0.0.1
16 verbose cwd C:\Users\juliant\Documents\kleineSachen\bigBallsGameOnline\server
17 error Windows_NT 10.0.14393
18 error argv "C:\\Program Files\\nodejs\\node.exe" "C:\\Program Files\\nodejs\\node_modules\\npm\\bin\\npm-cli.js" "start"
19 error node v6.8.1
20 error npm  v3.10.8
21 error code ELIFECYCLE
22 error server@0.0.1 start: `nodemon app.js`
22 error Exit status 3221225495
23 error Failed at the server@0.0.1 start script 'nodemon app.js'.
23 error Make sure you have the latest version of node.js and npm installed.
23 error If you do, this is most likely a problem with the server package,
23 error not with npm itself.
23 error Tell the author that this fails on your system:
23 error     nodemon app.js
23 error You can get information on how to open an issue for this project with:
23 error     npm bugs server
23 error Or if that isn't available, you can get their info via:
23 error     npm owner ls server
23 error There is likely additional logging output above.
24 verbose exit [ 1, true ]
